<?xml version="1.0" encoding="UTF-8"?>
<!-- Generated by org.testng.reporters.JUnitReportReporter -->
<testsuite hostname="LAPTOP-KBSQ6PAL" failures="0" tests="1" name="runner.loginrunner" time="27.943" errors="0" timestamp="2025-03-09T16:47:10 IST" skipped="0">
  <testcase classname="runner.loginrunner" name="runScenario" time="27.943"/>
  <system-out/>
</testsuite> <!-- runner.loginrunner -->
